<?xml version="1.0" encoding="UTF-8"?>

<client-config>
    <!-- eventually the config could use an element like this -->
    <client>
        <property name="host" value="127.0.0.1" />
        <property name="port" value="3307" />
        <property name="key" value="S0m3 Str0ng K3y!" />
    </client>

    <connection>
        <property name="dbms" value="mysql"/>
        <property name="host" value="127.0.0.1"/>
        <property name="schema" value="zero"/>
        <property name="user" value="agiluser"/>
        <property name="password" value="password123"/>
        <property name="driverClassName" value="com.mysql.jdbc.Driver"/>
    </connection>

    <parsing>
        <!--<property name="mode" value="permissive"/>-->
        <property name="mode" value="strict"/>
    </parsing>

    <schema name="zero">
        <table name="users">
            <column name="id" type="INTEGER" encryption="none" pkOrdinal="0"/>
            <column name="first_name" type="VARCHAR(50)" encryption="aes" key="44E6884D78AA18FA690917F84145AA4415FC3CD560915C7AE346673B1FDA5985"/>
            <column name="last_name" type="VARCHAR(50)" encryption="aes" key="44E6884D78AA18FA690917F84145AA4415FC3CD560915C7AE346673B1FDA5985"/>
            <column name="ssn" type="VARCHAR(50)" encryption="aes" key="44E6884D78AA18FA690917F84145AA4415FC3CD560915C7AE346673B1FDA5985"/>
            <column name="age" type="INTEGER" encryption="aes" key="44E6884D78AA18FA690917F84145AA4415FC3CD560915C7AE346673B1FDA5985"/>
            <column name="sex" type="VARCHAR(50)" encryption="aes" key="44E6884D78AA18FA690917F84145AA4415FC3CD560915C7AE346673B1FDA5985"/>
        </table>
        <table name="user_purchases">
            <column name="id" type="INTEGER" encryption="none" pkOrdinal="0"/>
            <column name="user_id" type="INTEGER" encryption="none"/>
            <column name="item_code" type="INTEGER" encryption="aes" key="2EC2BEFE9145AA4AB462F6BCA96F53B26F8747282F9CDCBF3DF213CCB6C313DD"/>
            <column name="amount" type="DOUBLE" encryption="aes" key="3B67EEDD7CF4A99379C18493A999922C476A6145AA43E14261D1883B754CCA6D"/>
        </table>
        <table name="items">
            <column name="item_code" type="INTEGER" encryption="aes" key="6A2276A37DFC7C1889C4145AA45EAF8A83CC847A887C62953F6C1EDB739F9CC3"/>
            <column name="item_name" type="VARCHAR(50)" encryption="aes" key="6A199B65F965156B4C8399DF27AEAECCF4E856EFD843ADC62317A82AF7"/>
            <column name="description" type="VARCHAR(50)" encryption="none"/>
        </table>
    </schema>

    <schema name="config_test">
        <table name="numerics">
            <column name="a" type="BIT" encryption="AES" key="44E6884D78AA18FA690917F84145AA4415FC3CD560915C7AE346673B1FDA5985"/>
            <column name="b" type="BIT(2)" encryption="aes" key="44E6884D78AA18FA690917F84145AA4415FC3CD560915C7AE346673B1FDA5985"/>
            <column name="c" type="TINYINT" encryption="aes" key="44E6884D78AA18FA690917F84145AA4415FC3CD560915C7AE346673B1FDA5985"/>
            <column name="d" type="TINYINT(10)" encryption="aes" key="44E6884D78AA18FA690917F84145AA4415FC3CD560915C7AE346673B1FDA5985"/>
            <column name="e" type="BOOL" encryption="aes" key="44E6884D78AA18FA690917F84145AA4415FC3CD560915C7AE346673B1FDA5985"/>
            <column name="f" type="BOOLEAN" encryption="aes" key="44E6884D78AA18FA690917F84145AA4415FC3CD560915C7AE346673B1FDA5985"/>
            <column name="g" type="SMALLINT" encryption="aes" key="44E6884D78AA18FA690917F84145AA4415FC3CD560915C7AE346673B1FDA5985"/>
            <column name="h" type="SMALLINT(100)" encryption="aes" key="44E6884D78AA18FA690917F84145AA4415FC3CD560915C7AE346673B1FDA5985"/>
            <column name="i" type="INT" encryption="aes" key="44E6884D78AA18FA690917F84145AA4415FC3CD560915C7AE346673B1FDA5985"/>
            <column name="j" type="INT(64)" encryption="aes" key="44E6884D78AA18FA690917F84145AA4415FC3CD560915C7AE346673B1FDA5985"/>
            <column name="k" type="INTEGER" encryption="aes" key="44E6884D78AA18FA690917F84145AA4415FC3CD560915C7AE346673B1FDA5985"/>
            <column name="l" type="INTEGER(64)" encryption="aes" key="44E6884D78AA18FA690917F84145AA4415FC3CD560915C7AE346673B1FDA5985"/>
            <column name="m" type="BIGINT" encryption="aes" key="44E6884D78AA18FA690917F84145AA4415FC3CD560915C7AE346673B1FDA5985"/>
            <column name="n" type="BIGINT(100)" encryption="aes" key="44E6884D78AA18FA690917F84145AA4415FC3CD560915C7AE346673B1FDA5985"/>
            <column name="o" type="DECIMAL" encryption="aes" key="44E6884D78AA18FA690917F84145AA4415FC3CD560915C7AE346673B1FDA5985"/>
            <column name="p" type="DECIMAL(10)" encryption="aes" key="44E6884D78AA18FA690917F84145AA4415FC3CD560915C7AE346673B1FDA5985"/>
            <column name="q" type="DECIMAL(10,2)" encryption="aes" key="44E6884D78AA18FA690917F84145AA4415FC3CD560915C7AE346673B1FDA5985"/>
            <column name="r" type="DEC" encryption="aes" key="44E6884D78AA18FA690917F84145AA4415FC3CD560915C7AE346673B1FDA5985"/>
            <column name="s" type="DEC(10)" encryption="aes" key="44E6884D78AA18FA690917F84145AA4415FC3CD560915C7AE346673B1FDA5985"/>
            <column name="t" type="DEC(10,2)" encryption="aes" key="44E6884D78AA18FA690917F84145AA4415FC3CD560915C7AE346673B1FDA5985"/>
            <column name="u" type="FLOAT" encryption="aes" key="44E6884D78AA18FA690917F84145AA4415FC3CD560915C7AE346673B1FDA5985"/>
            <column name="v" type="FLOAT(10)" encryption="aes" key="44E6884D78AA18FA690917F84145AA4415FC3CD560915C7AE346673B1FDA5985"/>
            <column name="w" type="FLOAT(10,2)" encryption="aes" key="44E6884D78AA18FA690917F84145AA4415FC3CD560915C7AE346673B1FDA5985"/>
            <column name="x" type="DOUBLE" encryption="aes" key="44E6884D78AA18FA690917F84145AA4415FC3CD560915C7AE346673B1FDA5985"/>
            <column name="y" type="DOUBLE(10)" encryption="aes" key="44E6884D78AA18FA690917F84145AA4415FC3CD560915C7AE346673B1FDA5985"/>
            <column name="z" type="DOUBLE(10,2)" encryption="aes" key="44E6884D78AA18FA690917F84145AA4415FC3CD560915C7AE346673B1FDA5985"/>
            <column name="aa" type="DOUBLE PRECISION" encryption="aes" key="44E6884D78AA18FA690917F84145AA4415FC3CD560915C7AE346673B1FDA5985"/>
            <column name="ab" type="DOUBLE PRECISION (10)" encryption="aes" key="44E6884D78AA18FA690917F84145AA4415FC3CD560915C7AE346673B1FDA5985"/>
            <column name="ac" type="DOUBLE PRECISION (10,2)" encryption="aes" key="44E6884D78AA18FA690917F84145AA4415FC3CD560915C7AE346673B1FDA5985"/>
        </table>
    </schema>
</client-config>
